<?xml version="1.0" encoding="UTF-8"?>
<testng-results ignored="0" total="2" passed="2" failed="0" skipped="0">
  <reporter-output>
  </reporter-output>
  <suite started-at="2023-11-30T21:45:36 IST" name="Default suite" finished-at="2023-11-30T21:45:50 IST" duration-ms="13946">
    <groups>
    </groups>
    <test started-at="2023-11-30T21:45:36 IST" name="Default test" finished-at="2023-11-30T21:45:50 IST" duration-ms="13946">
      <class name="swatimishra.ExtentReports.ExtentReportsDemo">
        <test-method is-config="true" signature="config()[pri:0, instance:swatimishra.ExtentReports.ExtentReportsDemo@52719fb6]" started-at="2023-11-30T21:45:36 IST" name="config" finished-at="2023-11-30T21:45:37 IST" duration-ms="385" status="PASS">
          <reporter-output>
          </reporter-output>
        </test-method> <!-- config -->
        <test-method signature="initialDemo()[pri:0, instance:swatimishra.ExtentReports.ExtentReportsDemo@52719fb6]" started-at="2023-11-30T21:45:37 IST" name="initialDemo" finished-at="2023-11-30T21:45:44 IST" duration-ms="7048" status="PASS">
          <reporter-output>
          </reporter-output>
        </test-method> <!-- initialDemo -->
        <test-method signature="testlink()[pri:0, instance:swatimishra.ExtentReports.ExtentReportsDemo@52719fb6]" started-at="2023-11-30T21:45:44 IST" name="testlink" finished-at="2023-11-30T21:45:50 IST" duration-ms="6454" status="PASS">
          <reporter-output>
          </reporter-output>
        </test-method> <!-- testlink -->
      </class> <!-- swatimishra.ExtentReports.ExtentReportsDemo -->
    </test> <!-- Default test -->
  </suite> <!-- Default suite -->
</testng-results>
